<?xml version="1.0" encoding="UTF-8"?>
<!-- Generated by org.testng.reporters.JUnitXMLReporter -->
<testsuite ignored="0" hostname="DESKTOP-F5MTO4C" failures="1" tests="3" name="App Tests" time="237.377" errors="0" timestamp="2025-04-24T12:38:07 NPT">
  <testcase classname="Test.NcellNSLTest" name="Spinandwin" time="139.16"/>
  <testcase classname="Test.NcellNSLTest" name="NSLLiveMatch" time="32.27"/>
  <testcase classname="Test.NcellNSLTest" name="FantasyLeague" time="31.997">
    <failure type="java.lang.AssertionError" message="Test failed: Error page appears after clicking Fantasy League.">
      <![CDATA[java.lang.AssertionError: Test failed: Error page appears after clicking Fantasy League.
at Pages.NcellNSLPage.FantasyLeague(NcellNSLPage.java:124)
at Test.NcellNSLTest.FantasyLeague(NcellNSLTest.java:28)
at java.base/java.util.ArrayList.forEach(ArrayList.java:1596)
... Removed 25 stack frames]]>
    </failure>
  </testcase> <!-- FantasyLeague -->
</testsuite> <!-- App Tests -->
